<?xml version="1.0" encoding="UTF-8"?>
<!-- Generated by org.testng.reporters.JUnitReportReporter -->
<testsuite skipped="1" hostname="Hi-PC" name="com.buffalocart.testscript.HomeTest" tests="2" failures="0" timestamp="03 Jun 2021 11:38:02 GMT" time="111.466" errors="0">
  <testcase name="verifyHomePageLoaded" time="111.466" classname="com.buffalocart.testscript.HomeTest"/>
  <testcase name="verifyHomePageTitle" classname="com.buffalocart.testscript.HomeTest">
    <skipped/>
  </testcase> <!-- verifyHomePageTitle -->
</testsuite> <!-- com.buffalocart.testscript.HomeTest -->
