<?xml version="1.0" encoding="UTF-8"?>
<!-- Generated by org.testng.reporters.JUnitReportReporter -->
<testsuite skipped="0" hostname="Hi-PC" name="com.buffalocart.testscript.UserManagementTest" tests="1" failures="0" timestamp="03 Jun 2021 11:38:02 GMT" time="110.928" errors="0">
  <testcase name="verifyChildSidePannelMenu" time="110.928" classname="com.buffalocart.testscript.UserManagementTest"/>
</testsuite> <!-- com.buffalocart.testscript.UserManagementTest -->
