<?xml version="1.0" encoding="UTF-8"?>
<!-- Generated by org.testng.reporters.JUnitReportReporter -->
<testsuite skipped="0" hostname="Hi-PC" name="demo" tests="1" failures="0" timestamp="29 May 2021 04:49:22 GMT" time="0.022" errors="0">
  <testcase name="demotest" time="0.022" classname="demo"/>
</testsuite> <!-- demo -->
