<?xml version="1.0" encoding="UTF-8"?>
<!-- Generated by org.testng.reporters.JUnitReportReporter -->
<testsuite skipped="0" hostname="Hi-PC" name="com.buffalocart.testscript.UsersTest" tests="3" failures="0" timestamp="03 Jun 2021 11:38:02 GMT" time="162.372" errors="0">
  <testcase name="verifyUserPageTitle" time="57.726" classname="com.buffalocart.testscript.UsersTest"/>
  <testcase name="verifyTableRow" time="47.012" classname="com.buffalocart.testscript.UsersTest"/>
  <testcase name="VerifyAddList" time="57.634" classname="com.buffalocart.testscript.UsersTest"/>
</testsuite> <!-- com.buffalocart.testscript.UsersTest -->
