<?xml version="1.0" encoding="UTF-8"?>
<!-- Generated by org.testng.reporters.JUnitReportReporter -->
<testsuite skipped="0" hostname="Hi-PC" name="com.buffalocart.testscript.LoginTest" tests="8" failures="0" timestamp="03 Jun 2021 11:38:02 GMT" time="338.492" errors="0">
  <testcase name="verifyLoginPageTitle" time="29.683" classname="com.buffalocart.testscript.LoginTest"/>
  <testcase name="verifyLoginWithValidCredentials" time="36.226" classname="com.buffalocart.testscript.LoginTest"/>
  <testcase name="verifyLoginWthInvalidCredentials" time="46.386" classname="com.buffalocart.testscript.LoginTest"/>
  <testcase name="verifyUILoginPageUsername" time="34.666" classname="com.buffalocart.testscript.LoginTest"/>
  <testcase name="verifyUILoginPagePassword" time="32.629" classname="com.buffalocart.testscript.LoginTest"/>
  <testcase name="verifyUILoginPageLoginButton" time="32.079" classname="com.buffalocart.testscript.LoginTest"/>
  <testcase name="verifyUILoginPagePasswordLink" time="89.079" classname="com.buffalocart.testscript.LoginTest"/>
  <testcase name="veifyCheckboxNotClicked" time="37.744" classname="com.buffalocart.testscript.LoginTest"/>
</testsuite> <!-- com.buffalocart.testscript.LoginTest -->
