<?xml version="1.0" encoding="UTF-8"?>
<!-- Generated by org.testng.reporters.JUnitReportReporter -->
<testsuite skipped="0" hostname="Hi-PC" name="com.buffalocart.testscript.ResetPasswordTest" tests="1" failures="0" timestamp="03 Jun 2021 11:38:02 GMT" time="94.284" errors="0">
  <testcase name="verifyErrorMessage" time="94.284" classname="com.buffalocart.testscript.ResetPasswordTest"/>
</testsuite> <!-- com.buffalocart.testscript.ResetPasswordTest -->
